<?xml version="1.0" encoding="UTF-8"?>
<testng-results ignored="0" total="1" passed="1" failed="0" skipped="0">
  <reporter-output>
  </reporter-output>
  <suite started-at="2024-10-28T13:22:41 AST" name="Default suite" finished-at="2024-10-28T13:22:43 AST" duration-ms="2733">
    <groups>
    </groups>
    <test started-at="2024-10-28T13:22:41 AST" name="Default test" finished-at="2024-10-28T13:22:43 AST" duration-ms="2733">
      <class name="testCases.Rappel">
        <test-method is-config="true" signature="setup()[pri:0, instance:testCases.Rappel@5b12b668]" started-at="2024-10-28T13:22:41 AST" name="setup" finished-at="2024-10-28T13:22:43 AST" duration-ms="2103" status="PASS">
          <reporter-output>
          </reporter-output>
        </test-method> <!-- setup -->
        <test-method signature="fileUploadTest()[pri:0, instance:testCases.Rappel@5b12b668]" started-at="2024-10-28T13:22:43 AST" name="fileUploadTest" finished-at="2024-10-28T13:22:43 AST" duration-ms="593" status="PASS">
          <reporter-output>
          </reporter-output>
        </test-method> <!-- fileUploadTest -->
        <test-method is-config="true" signature="tearDown()[pri:0, instance:testCases.Rappel@5b12b668]" started-at="2024-10-28T13:22:43 AST" name="tearDown" finished-at="2024-10-28T13:22:43 AST" duration-ms="0" status="PASS">
          <reporter-output>
          </reporter-output>
        </test-method> <!-- tearDown -->
      </class> <!-- testCases.Rappel -->
    </test> <!-- Default test -->
  </suite> <!-- Default suite -->
</testng-results>
